Assembler report for experiment4
Fri Nov 27 21:38:17 2020
Quartus Prime Version 19.1.0 Build 670 09/22/2019 SJ Lite Edition


---------------------
; Table of Contents ;
---------------------
  1. Legal Notice
  2. Assembler Summary
  3. Assembler Settings
  4. Assembler Generated Files
  5. Assembler Device Options: C:/Users/kathr/Desktop/University/3rd Year/3DQ5/Github/project-group29-wednesday/syn/output_files/experiment4.sof
  6. Assembler Messages



----------------
; Legal Notice ;
----------------
Copyright (C) 2019  Intel Corporation. All rights reserved.
Your use of Intel Corporation's design tools, logic functions 
and other software and tools, and any partner logic 
functions, and any output files from any of the foregoing 
(including device programming or simulation files), and any 
associated documentation or information are expressly subject 
to the terms and conditions of the Intel Program License 
Subscription Agreement, the Intel Quartus Prime License Agreement,
the Intel FPGA IP License Agreement, or other applicable license
agreement, including, without limitation, that your use is for
the sole purpose of programming logic devices manufactured by
Intel and sold by Intel or its authorized distributors.  Please
refer to the applicable agreement for further details, at
https://fpgasoftware.intel.com/eula.



+---------------------------------------------------------------+
; Assembler Summary                                             ;
+-----------------------+---------------------------------------+
; Assembler Status      ; Successful - Fri Nov 27 21:38:17 2020 ;
; Revision Name         ; experiment4                           ;
; Top-level Entity Name ; experiment4                           ;
; Family                ; Cyclone IV E                          ;
; Device                ; EP4CE115F29C7                         ;
+-----------------------+---------------------------------------+


+----------------------------------+
; Assembler Settings               ;
+--------+---------+---------------+
; Option ; Setting ; Default Value ;
+--------+---------+---------------+


+-------------------------------------------------------------------------------------------------------------------+
; Assembler Generated Files                                                                                         ;
+-------------------------------------------------------------------------------------------------------------------+
; File Name                                                                                                         ;
+-------------------------------------------------------------------------------------------------------------------+
; C:/Users/kathr/Desktop/University/3rd Year/3DQ5/Github/project-group29-wednesday/syn/output_files/experiment4.sof ;
+-------------------------------------------------------------------------------------------------------------------+


+---------------------------------------------------------------------------------------------------------------------------------------------+
; Assembler Device Options: C:/Users/kathr/Desktop/University/3rd Year/3DQ5/Github/project-group29-wednesday/syn/output_files/experiment4.sof ;
+----------------+----------------------------------------------------------------------------------------------------------------------------+
; Option         ; Setting                                                                                                                    ;
+----------------+----------------------------------------------------------------------------------------------------------------------------+
; JTAG usercode  ; 0x008DCD39                                                                                                                 ;
; Checksum       ; 0x008DCD39                                                                                                                 ;
+----------------+----------------------------------------------------------------------------------------------------------------------------+


+--------------------+
; Assembler Messages ;
+--------------------+
Info: *******************************************************************
Info: Running Quartus Prime Assembler
    Info: Version 19.1.0 Build 670 09/22/2019 SJ Lite Edition
    Info: Processing started: Fri Nov 27 21:38:13 2020
Info: Command: quartus_asm --read_settings_files=off --write_settings_files=off experiment4 -c experiment4
Info (115031): Writing out detailed assembly data for power analysis
Info (115030): Assembler is generating device programming files
Info: Quartus Prime Assembler was successful. 0 errors, 0 warnings
    Info: Peak virtual memory: 4716 megabytes
    Info: Processing ended: Fri Nov 27 21:38:17 2020
    Info: Elapsed time: 00:00:04
    Info: Total CPU time (on all processors): 00:00:03


